LTCloud/proguard/seeds.txt
com.ltnw.ltcloud.ChoiceLocationActivity
com.ltnw.ltcloud.ChoiceLocationActivity: ChoiceLocationActivity()
com.ltnw.ltcloud.GuideActivity
com.ltnw.ltcloud.GuideActivity: GuideActivity()
com.ltnw.ltcloud.LoginActivity
com.ltnw.ltcloud.LoginActivity: LoginActivity()
com.ltnw.ltcloud.MainActivity
com.ltnw.ltcloud.MainActivity: MainActivity()
com.ltnw.ltcloud.R$anim: int progress_round
com.ltnw.ltcloud.R$array: int home_images
com.ltnw.ltcloud.R$array: int home_titles
com.ltnw.ltcloud.R$array: int nav_drawer_icons
com.ltnw.ltcloud.R$array: int nav_drawer_items
com.ltnw.ltcloud.R$attr: int actionBarDivider
com.ltnw.ltcloud.R$attr: int actionBarItemBackground
com.ltnw.ltcloud.R$attr: int actionBarSize
com.ltnw.ltcloud.R$attr: int actionBarSplitStyle
com.ltnw.ltcloud.R$attr: int actionBarStyle
com.ltnw.ltcloud.R$attr: int actionBarTabBarStyle
com.ltnw.ltcloud.R$attr: int actionBarTabStyle
com.ltnw.ltcloud.R$attr: int actionBarTabTextStyle
com.ltnw.ltcloud.R$attr: int actionBarWidgetTheme
com.ltnw.ltcloud.R$attr: int actionButtonStyle
com.ltnw.ltcloud.R$attr: int actionDropDownStyle
com.ltnw.ltcloud.R$attr: int actionMenuTextAppearance
com.ltnw.ltcloud.R$attr: int actionMenuTextColor
com.ltnw.ltcloud.R$attr: int actionModeBackground
com.ltnw.ltcloud.R$attr: int actionModeCloseButtonStyle
com.ltnw.ltcloud.R$attr: int actionModeCloseDrawable
com.ltnw.ltcloud.R$attr: int actionModePopupWindowStyle
com.ltnw.ltcloud.R$attr: int actionModeShareDrawable
com.ltnw.ltcloud.R$attr: int actionModeSplitBackground
com.ltnw.ltcloud.R$attr: int actionModeStyle
com.ltnw.ltcloud.R$attr: int actionOverflowButtonStyle
com.ltnw.ltcloud.R$attr: int actionSpinnerItemStyle
com.ltnw.ltcloud.R$attr: int activatedBackgroundIndicator
com.ltnw.ltcloud.R$attr: int activityChooserViewStyle
com.ltnw.ltcloud.R$attr: int background
com.ltnw.ltcloud.R$attr: int backgroundSplit
com.ltnw.ltcloud.R$attr: int backgroundStacked
com.ltnw.ltcloud.R$attr: int behindOffset
com.ltnw.ltcloud.R$attr: int behindScrollScale
com.ltnw.ltcloud.R$bool: int abs__action_bar_embed_tabs
com.ltnw.ltcloud.R$bool: int abs__action_bar_expanded_action_views_exclusive
com.ltnw.ltcloud.R$bool: int abs__config_actionMenuItemAllCaps
com.ltnw.ltcloud.R$bool: int abs__config_allowActionMenuItemTextWithIcon
com.ltnw.ltcloud.R$bool: int abs__config_showMenuShortcutsWhenKeyboardPresent
com.ltnw.ltcloud.R$bool: int abs__split_action_bar_is_narrow
com.ltnw.ltcloud.R$color: int Grey
com.ltnw.ltcloud.R$color: int LightGray
com.ltnw.ltcloud.R$color: int abs__background_holo_dark
com.ltnw.ltcloud.R$color: int abs__background_holo_light
com.ltnw.ltcloud.R$color: int abs__bright_foreground_disabled_holo_dark
com.ltnw.ltcloud.R$color: int abs__bright_foreground_disabled_holo_light
com.ltnw.ltcloud.R$color: int abs__bright_foreground_holo_dark
com.ltnw.ltcloud.R$color: int abs__bright_foreground_holo_light
com.ltnw.ltcloud.R$color: int abs__primary_text_disable_only_holo_dark
com.ltnw.ltcloud.R$color: int abs__primary_text_disable_only_holo_light
com.ltnw.ltcloud.R$color: int abs__primary_text_holo_dark
com.ltnw.ltcloud.R$color: int abs__primary_text_holo_light
com.ltnw.ltcloud.R$color: int alpha_00
com.ltnw.ltcloud.R$color: int background
com.ltnw.ltcloud.R$color: int black
com.ltnw.ltcloud.R$color: int blue
com.ltnw.ltcloud.R$color: int counter_text_bg
com.ltnw.ltcloud.R$color: int counter_text_color
com.ltnw.ltcloud.R$color: int deepskyblue
com.ltnw.ltcloud.R$color: int light_orange
com.ltnw.ltcloud.R$color: int list_background
com.ltnw.ltcloud.R$color: int list_background_pressed
com.ltnw.ltcloud.R$color: int list_divider
com.ltnw.ltcloud.R$color: int list_item_title
com.ltnw.ltcloud.R$color: int lucensy
com.ltnw.ltcloud.R$color: int orange
com.ltnw.ltcloud.R$color: int red
com.ltnw.ltcloud.R$color: int select_text_color
com.ltnw.ltcloud.R$color: int trans
...
android.support.v4.app.BackStackState
android.support.v4.app.BackStackState: android.os.Parcelable$Creator CREATOR
android.support.v4.app.Fragment$SavedState
android.support.v4.app.Fragment$SavedState: android.os.Parcelable$Creator CREATOR
android.support.v4.app.FragmentActivity: FragmentActivity()
android.support.v4.app.FragmentManagerState
android.support.v4.app.FragmentManagerState: android.os.Parcelable$Creator CREATOR
android.support.v4.app.FragmentState
android.support.v4.app.FragmentState: android.os.Parcelable$Creator CREATOR
android.support.v4.app.FragmentTabHost: void setOnTabChangedListener(android.widget.TabHost$OnTabChangeListener)
android.support.v4.app.FragmentTabHost$SavedState
android.support.v4.app.FragmentTabHost$SavedState: android.os.Parcelable$Creator CREATOR
android.support.v4.app.Watson: Watson()
android.support.v4.content.ModernAsyncTask$Status: android.support.v4.content.ModernAsyncTask$Status[] values()
android.support.v4.content.ModernAsyncTask$Status: android.support.v4.content.ModernAsyncTask$Status valueOf(java.lang.String)
android.support.v4.view.PagerTabStrip
android.support.v4.view.PagerTabStrip: PagerTabStrip(android.content.Context)
android.support.v4.view.PagerTabStrip: PagerTabStrip(android.content.Context,android.util.AttributeSet)
android.support.v4.view.PagerTabStrip: void setTabIndicatorColor(int)
android.support.v4.view.PagerTabStrip: void setTabIndicatorColorResource(int)
android.support.v4.view.PagerTabStrip: int getTabIndicatorColor()
android.support.v4.view.PagerTabStrip: void setTextSpacing(int)
android.support.v4.view.PagerTabStrip: void setBackgroundDrawable(android.graphics.drawable.Drawable)
android.support.v4.view.PagerTabStrip: void setBackgroundColor(int)
android.support.v4.view.PagerTabStrip: void setBackgroundResource(int)
android.support.v4.view.PagerTabStrip: void setDrawFullUnderline(boolean)
android.support.v4.view.PagerTabStrip: boolean getDrawFullUnderline()
android.support.v4.view.PagerTabStrip: int getMinHeight()
android.support.v4.view.PagerTitleStrip: void setSingleLineAllCaps(android.widget.TextView)
android.support.v4.view.PagerTitleStrip: PagerTitleStrip(android.content.Context)
android.support.v4.view.PagerTitleStrip: PagerTitleStrip(android.content.Context,android.util.AttributeSet)
android.support.v4.view.PagerTitleStrip: void setTextSpacing(int)
android.support.v4.view.PagerTitleStrip: int getTextSpacing()
android.support.v4.view.PagerTitleStrip: void setNonPrimaryAlpha(float)
android.support.v4.view.PagerTitleStrip: void setTextColor(int)
android.support.v4.view.PagerTitleStrip: void setGravity(int)
android.support.v4.view.PagerTitleStrip: int getMinHeight()