LTCloud/proguard/mapping.txt
com.ltnw.ltcloud.ChoiceLocationActivity -> com.ltnw.ltcloud.ChoiceLocationActivity:
    com.ltnw.common.PropertiesHelper propertiesHelper -> a
    java.lang.String sidString -> b
    java.lang.String sipString -> c
    java.lang.String lportString -> d
    java.lang.String sportString -> e
    java.lang.String unString -> f
    java.lang.String pwString -> g
    java.lang.String keyString -> h
    java.lang.String verString -> i
    void onCreate(android.os.Bundle) -> onCreate
    boolean onCreateOptionsMenu(android.view.Menu) -> onCreateOptionsMenu
    boolean onKeyDown(int,android.view.KeyEvent) -> onKeyDown
    com.ltnw.common.PropertiesHelper access$0(com.ltnw.ltcloud.ChoiceLocationActivity) -> a
    java.lang.String access$1(com.ltnw.ltcloud.ChoiceLocationActivity) -> b
    java.lang.String access$2(com.ltnw.ltcloud.ChoiceLocationActivity) -> c
    java.lang.String access$3(com.ltnw.ltcloud.ChoiceLocationActivity) -> d
    java.lang.String access$4(com.ltnw.ltcloud.ChoiceLocationActivity) -> e
com.ltnw.ltcloud.ChoiceLocationActivity$ItemClickListener -> com.ltnw.ltcloud.a:
    com.ltnw.ltcloud.ChoiceLocationActivity this$0 -> a
    void onItemClick(android.widget.AdapterView,android.view.View,int,long) -> onItemClick
com.ltnw.ltcloud.GuideActivity -> com.ltnw.ltcloud.GuideActivity:
    android.support.v4.view.ViewPager vp -> a
    com.ltnw.ltcloud.adapter.ViewPagerAdapter vpAdapter -> b
    java.util.List views -> c
    android.widget.ImageView[] dots -> d
    int currentIndex -> e
    void onCreate(android.os.Bundle) -> onCreate
    void initViews() -> a
    void initDots() -> b
    void setCurrentDot(int) -> c
    void onPageScrollStateChanged(int) -> b
    void onPageScrolled(int,float,int) -> a
    void onPageSelected(int) -> a
com.ltnw.ltcloud.LoginActivity -> com.ltnw.ltcloud.LoginActivity:
    java.lang.String[] DUMMY_CREDENTIALS -> a
    com.ltnw.ltcloud.LoginActivity$UserLoginTask mAuthTask -> b
    com.ltnw.common.PropertiesHelper propertiesHelper -> c
    java.lang.String mEmail -> d
    java.lang.String mPassword -> e
    android.widget.EditText mEmailView -> f
    android.widget.EditText mPasswordView -> g
    android.view.View mLoginFormView -> h
    android.view.View mLoginStatusView -> i
    android.widget.TextView mLoginStatusMessageView -> j
    android.widget.TextView mVerTextView -> k
    java.lang.String sidString -> l
    java.lang.String sipString -> m
    java.lang.String lportString -> n
    java.lang.String sportString -> o
    java.lang.String unString -> p
    java.lang.String pwString -> q
    java.lang.String keyString -> r
    java.lang.String verString -> s
    int flag -> t
    com.ltnw.common.SoapHelper soap -> u
    com.ltnw.common.AESCBCLib aeslib -> v
    android.app.Dialog dialogLoginSetting -> w
    android.app.AlertDialog isSaveAlertDialog -> x
    boolean loginActionFlag -> y
    boolean loginSuccessFlag -> z
    boolean loginNormalFlag -> A
    java.lang.String loginKeyString -> B
    java.lang.String imeiString -> C
    void onCreate(android.os.Bundle) -> onCreate
    boolean onCreateOptionsMenu(android.view.Menu) -> onCreateOptionsMenu
    boolean onKeyDown(int,android.view.KeyEvent) -> onKeyDown
com.ltnw.ltcloud.LoginActivity$1 -> com.ltnw.ltcloud.b:
    com.ltnw.ltcloud.LoginActivity this$0 -> a
    boolean onEditorAction(android.widget.TextView,int,android.view.KeyEvent) -> onEditorAction
com.ltnw.ltcloud.LoginActivity$10 -> com.ltnw.ltcloud.c:
    com.ltnw.ltcloud.LoginActivity this$0 -> a
    void onClick(android.content.DialogInterface,int) -> onClick
com.ltnw.ltcloud.LoginActivity$11 -> com.ltnw.ltcloud.d:
    com.ltnw.ltcloud.LoginActivity this$0 -> a
    boolean val$show -> b
    void onAnimationEnd(android.animation.Animator) -> onAnimationEnd
...
android.support.v4.widget.DrawerLayout$DrawerListener -> android.support.v4.widget.g:
    void onDrawerSlide(android.view.View,float) -> a
    void onDrawerOpened(android.view.View) -> a
    void onDrawerClosed(android.view.View) -> b
    void onDrawerStateChanged(int) -> a
android.support.v4.widget.DrawerLayout$LayoutParams -> android.support.v4.widget.h:
    int gravity -> a
    float onScreen -> b
    boolean isPeeking -> c
    boolean knownOpen -> d
android.support.v4.widget.DrawerLayout$SavedState -> android.support.v4.widget.DrawerLayout$SavedState:
    int openDrawerGravity -> a
    int lockModeLeft -> b
    int lockModeRight -> c
    android.os.Parcelable$Creator CREATOR -> CREATOR
    void writeToParcel(android.os.Parcel,int) -> writeToParcel
android.support.v4.widget.DrawerLayout$SavedState$1 -> android.support.v4.widget.i:
    android.support.v4.widget.DrawerLayout$SavedState createFromParcel(android.os.Parcel) -> a
    android.support.v4.widget.DrawerLayout$SavedState[] newArray(int) -> a
    java.lang.Object[] newArray(int) -> newArray
    java.lang.Object createFromParcel(android.os.Parcel) -> createFromParcel
android.support.v4.widget.DrawerLayout$ViewDragCallback -> android.support.v4.widget.j:
    int mAbsGravity -> b
    android.support.v4.widget.ViewDragHelper mDragger -> c
    java.lang.Runnable mPeekRunnable -> d
    android.support.v4.widget.DrawerLayout this$0 -> a
    void removeCallbacks() -> a
    boolean tryCaptureView(android.view.View,int) -> a
    void onViewDragStateChanged(int) -> a
    void onViewPositionChanged(android.view.View,int,int,int,int) -> a
    void onViewCaptured(android.view.View,int) -> b
    void closeOtherDrawer() -> b
    void onViewReleased(android.view.View,float,float) -> a
    void onEdgeTouched(int,int) -> a
    boolean onEdgeLock(int) -> b
    void onEdgeDragStarted(int,int) -> b
    int getViewHorizontalDragRange(android.view.View) -> a
    int clampViewPositionHorizontal(android.view.View,int,int) -> a
    int clampViewPositionVertical(android.view.View,int,int) -> b
android.support.v4.widget.EdgeEffectCompat -> android.support.v4.widget.k:
    java.lang.Object mEdgeEffect -> a
    android.support.v4.widget.EdgeEffectCompat$EdgeEffectImpl IMPL -> b
    void setSize(int,int) -> a
    boolean isFinished() -> a
    void finish() -> b
    boolean onPull(float) -> a
    boolean onRelease() -> c
    boolean draw(android.graphics.Canvas) -> a
android.support.v4.widget.EdgeEffectCompat$BaseEdgeEffectImpl -> android.support.v4.widget.l:
    java.lang.Object newEdgeEffect(android.content.Context) -> a
    void setSize(java.lang.Object,int,int) -> a
    boolean isFinished(java.lang.Object) -> a
    void finish(java.lang.Object) -> b
    boolean onPull(java.lang.Object,float) -> a
    boolean onRelease(java.lang.Object) -> c
    boolean draw(java.lang.Object,android.graphics.Canvas) -> a
android.support.v4.widget.EdgeEffectCompat$EdgeEffectIcsImpl -> android.support.v4.widget.m:
    java.lang.Object newEdgeEffect(android.content.Context) -> a
    void setSize(java.lang.Object,int,int) -> a
    boolean isFinished(java.lang.Object) -> a
    void finish(java.lang.Object) -> b
    boolean onPull(java.lang.Object,float) -> a
    boolean onRelease(java.lang.Object) -> c
    boolean draw(java.lang.Object,android.graphics.Canvas) -> a
android.support.v4.widget.EdgeEffectCompat$EdgeEffectImpl -> android.support.v4.widget.n:
    java.lang.Object newEdgeEffect(android.content.Context) -> a
    void setSize(java.lang.Object,int,int) -> a
    boolean isFinished(java.lang.Object) -> a
    void finish(java.lang.Object) -> b
    boolean onPull(java.lang.Object,float) -> a
    boolean onRelease(java.lang.Object) -> c
    boolean draw(java.lang.Object,android.graphics.Canvas) -> a