LTCloud/proguard/usage.txt
com.ltnw.ltcloud.BuildConfig
com.ltnw.ltcloud.LoginActivity:
    public static final java.lang.String EXTRA_EMAIL
com.ltnw.ltcloud.MainActivity:
    1209:1211:private void InitAppStatusService()
    1666:1669:public void OnSettingButtonClick(java.lang.String)
    1866:1873:private boolean CheckIsLocalNetWork()
    2359:2386:private void SwitchStatechangeOperate(java.lang.String,int)
com.ltnw.ltcloud.MainActivity$3$1:
    412:412:public void SwitchItemValueChange(int,int,int,int,int,java.lang.String)
com.ltnw.ltcloud.MainActivity$StartSM$1:
    1394:1395:public void SwitchModBack()
    1450:1451:public void SwitchInfoBack()
    1456:1457:public void SwitchActionReturnBack()
    1462:1463:public void SwitchActionCallBack()
    1468:1470:public void SMOverCallBack()
    1512:1517:public void FreeCallBack(boolean)
    1522:1523:public void DefenceInfoCallCallBack()
    1528:1529:public void DefenceInfoBack()
    1534:1535:public void DefenceActionReturnBack()
    1540:1541:public void DefenceActionCallBack()
com.ltnw.ltcloud.R
com.ltnw.ltcloud.R$anim
com.ltnw.ltcloud.R$array
com.ltnw.ltcloud.R$attr
com.ltnw.ltcloud.R$bool
com.ltnw.ltcloud.R$color
com.ltnw.ltcloud.R$dimen
com.ltnw.ltcloud.R$drawable
com.ltnw.ltcloud.R$id
com.ltnw.ltcloud.R$integer
com.ltnw.ltcloud.R$layout
com.ltnw.ltcloud.R$menu
com.ltnw.ltcloud.R$string
com.ltnw.ltcloud.R$style
com.ltnw.ltcloud.R$styleable
com.ltnw.ltcloud.SplashActivity:
    private static final int GO_HOME
    private static final int GO_GUIDE
    private static final long SPLASH_DELAY_MILLIS
    private static final java.lang.String SHAREDPREFERENCES_NAME
com.ltnw.ltcloud.adapter.ContentFragmentPagerAdapter:
    19:20:public ContentFragmentPagerAdapter(android.support.v4.app.FragmentManager)
com.ltnw.ltcloud.adapter.DragGridViewAdapter
com.ltnw.ltcloud.adapter.SwitchAdapter:
    private android.app.Dialog dialogInfo
    private int t_no
    private int t_type1
    private int t_enable
    private int t_state
    private int t_type2
    private java.lang.String t_nameString
    71:72:public void ReturnSwitchStateChange(int,int)
    76:81:public void ReturnModSwitchChange(int,int,int,int,int,java.lang.String)
com.ltnw.ltcloud.adapter.ViewPagerAdapter:
    private static final java.lang.String SHAREDPREFERENCES_NAME
com.ltnw.ltcloud.fragment.CommunityFragment
com.ltnw.ltcloud.fragment.FindPeopleFragment
com.ltnw.ltcloud.fragment.PagesFragment
com.ltnw.ltcloud.fragment.PhotosFragment
com.ltnw.ltcloud.fragment.RightMenuFragment:
    private android.widget.Button followButton
    private android.widget.Button collectButton
    47:47:public java.lang.String getUserNameString()
    63:63:public java.lang.String getUserLoginStateString()
com.ltnw.ltcloud.fragment.SettingFragment
com.ltnw.ltcloud.fragment.SettingFragment$1
com.ltnw.ltcloud.fragment.SettingFragment$OnSettingButtonClickListener
com.ltnw.ltcloud.fragment.SwitchControlFragment:
    private android.content.Context context
com.ltnw.ltcloud.fragment.SwitchControlFragment$1:
    118:118:public void SwitchItemValueChange(int,int,int,int,int,java.lang.String)
com.ltnw.ltcloud.fragment.SwitchControlFragment_temp
com.ltnw.ltcloud.fragment.SwitchControlFragment_temp$1
com.ltnw.ltcloud.fragment.SwitchControlFragment_temp$2
com.ltnw.ltcloud.fragment.SwitchControlFragment_temp$3
com.ltnw.ltcloud.fragment.SwitchControlFragment_temp$4
com.ltnw.ltcloud.fragment.SwitchControlFragment_temp$5
com.ltnw.ltcloud.fragment.SwitchControlFragment_temp$ChildHolder
com.ltnw.ltcloud.fragment.SwitchControlFragment_temp$GroupHolder
com.ltnw.ltcloud.fragment.SwitchControlFragment_temp$MyexpandableListAdapter
com.ltnw.ltcloud.fragment.SwitchControlFragment_temp$MyexpandableListAdapter$1
com.ltnw.ltcloud.fragment.SwitchControlFragment_temp$OnSwitchButtonClickListener
com.ltnw.ltcloud.fragment.TestContentFragment:
    78:82:public int getResId(java.lang.String,java.lang.Class)
...
android.support.v4.view.MenuItemCompat$IcsMenuVersionImpl
android.support.v4.view.MenuItemCompat$IcsMenuVersionImpl$1
android.support.v4.view.MenuItemCompat$MenuVersionImpl
android.support.v4.view.MenuItemCompat$OnActionExpandListener
android.support.v4.view.MenuItemCompatHoneycomb
android.support.v4.view.MenuItemCompatIcs
android.support.v4.view.MenuItemCompatIcs$OnActionExpandListenerWrapper
android.support.v4.view.MenuItemCompatIcs$SupportActionExpandProxy
android.support.v4.view.MotionEventCompat:
    public static final int ACTION_MASK
    public static final int ACTION_POINTER_DOWN
    public static final int ACTION_POINTER_UP
    public static final int ACTION_HOVER_MOVE
    public static final int ACTION_SCROLL
    public static final int ACTION_POINTER_INDEX_MASK
    public static final int ACTION_POINTER_INDEX_SHIFT
    public static final int ACTION_HOVER_ENTER
    public static final int ACTION_HOVER_EXIT
    25:80:public MotionEventCompat()
android.support.v4.view.MotionEventCompatEclair:
    24:24:MotionEventCompatEclair()
android.support.v4.view.PagerAdapter:
    public static final int POSITION_UNCHANGED
    public static final int POSITION_NONE
android.support.v4.view.PagerTabStrip:
    private static final java.lang.String TAG
    private static final int INDICATOR_HEIGHT
    private static final int MIN_PADDING_BOTTOM
    private static final int TAB_PADDING
    private static final int TAB_SPACING
    private static final int MIN_TEXT_SPACING
    private static final int FULL_UNDERLINE_HEIGHT
    private static final int MIN_STRIP_HEIGHT
android.support.v4.view.PagerTitleStrip:
    private static final java.lang.String TAG
    private static final float SIDE_ALPHA
    private static final int TEXT_SPACING
android.support.v4.view.PagerTitleStripIcs:
    26:31:PagerTitleStripIcs()
android.support.v4.view.PagerTitleStripIcs$SingleLineAllCapsTransform:
    private static final java.lang.String TAG
android.support.v4.view.ScaleGestureDetectorCompat
android.support.v4.view.ScaleGestureDetectorCompat$1
android.support.v4.view.ScaleGestureDetectorCompat$BaseScaleGestureDetectorImpl
android.support.v4.view.ScaleGestureDetectorCompat$ScaleGestureDetectorCompatKitKatImpl
android.support.v4.view.ScaleGestureDetectorCompat$ScaleGestureDetectorImpl
android.support.v4.view.ScaleGestureDetectorCompatKitKat
android.support.v4.view.VelocityTrackerCompat:
    25:51:public VelocityTrackerCompat()
android.support.v4.view.VelocityTrackerCompatHoneycomb:
    24:24:VelocityTrackerCompatHoneycomb()